[ 2016-05-23T08:07:11+08:00 ] ::1 /thinkphp_3.2.3_core_extend/
INFO: [ app_init ] --START--
INFO: Run Behavior\BuildLiteBehavior [ RunTime:0.000000s ]
INFO: [ app_init ] --END-- [ RunTime:0.089005s ]
INFO: [ app_begin ] --START--
INFO: Run Behavior\ReadHtmlCacheBehavior [ RunTime:0.022002s ]
INFO: [ app_begin ] --END-- [ RunTime:0.023002s ]
NOTIC: [8] A session had already been started - ignoring session_start() D:\ceshi\htdocs\thinkphp_3.2.3_core_extend\ThinkPHP\Common\functions.php 第 1263 行.
INFO: [ view_parse ] --START--
INFO: [ template_filter ] --START--
INFO: Run Behavior\ContentReplaceBehavior [ RunTime:0.088005s ]
INFO: [ template_filter ] --END-- [ RunTime:0.088005s ]
INFO: Run Behavior\ParseTemplateBehavior [ RunTime:0.577033s ]
INFO: [ view_parse ] --END-- [ RunTime:0.577033s ]
INFO: [ view_filter ] --START--
INFO: Run Behavior\WriteHtmlCacheBehavior [ RunTime:0.026001s ]
INFO: [ view_filter ] --END-- [ RunTime:0.026001s ]
INFO: [ app_end ] --START--
INFO: Run Behavior\ShowPageTraceBehavior [ RunTime:0.024001s ]
INFO: [ app_end ] --END-- [ RunTime:0.024001s ]
NOTIC: [2] ini_set(): Cannot change zlib.output_compression - headers already sent D:\ceshi\htdocs\thinkphp_3.2.3_core_extend\Public\dokuwiki\inc\init.php 第 125 行.
NOTIC: [8192] Function set_magic_quotes_runtime() is deprecated D:\ceshi\htdocs\thinkphp_3.2.3_core_extend\Public\dokuwiki\inc\init.php 第 172 行.
NOTIC: [8] A session had already been started - ignoring session_start() D:\ceshi\htdocs\thinkphp_3.2.3_core_extend\Public\dokuwiki\inc\auth.php 第 535 行.
NOTIC: [2] Cannot modify header information - headers already sent by (output started at D:\ceshi\htdocs\thinkphp_3.2.3_core_extend\ThinkPHP\Library\Think\View.class.php:95) D:\ceshi\htdocs\thinkphp_3.2.3_core_extend\Public\dokuwiki\inc\auth.php 第 549 行.
NOTIC: [2] filemtime(): stat failed for D:\ceshi\htdocs\thinkphp_3.2.3_core_extend\Public\dokuwiki/conf/local.protected.php D:\ceshi\htdocs\thinkphp_3.2.3_core_extend\Public\dokuwiki\inc\cache.php 第 84 行.
NOTIC: [2] Cannot modify header information - headers already sent by (output started at D:\ceshi\htdocs\thinkphp_3.2.3_core_extend\ThinkPHP\Library\Think\View.class.php:95) D:\ceshi\htdocs\thinkphp_3.2.3_core_extend\Public\dokuwiki\inc\actions.php 第 207 行.
NOTIC: [2] Cannot modify header information - headers already sent by (output started at D:\ceshi\htdocs\thinkphp_3.2.3_core_extend\ThinkPHP\Library\Think\View.class.php:95) D:\ceshi\htdocs\thinkphp_3.2.3_core_extend\Public\dokuwiki\lib\tpl\dokuwiki\main.php 第 12 行.
NOTIC: [2] filemtime(): stat failed for D:\ceshi\htdocs\thinkphp_3.2.3_core_extend\Public\dokuwiki/conf/local.protected.php D:\ceshi\htdocs\thinkphp_3.2.3_core_extend\Public\dokuwiki\inc\template.php 第 301 行.
NOTIC: [2] filemtime(): stat failed for D:\ceshi\htdocs\thinkphp_3.2.3_core_extend\Public\dokuwiki/conf/tpl/dokuwiki/style.ini D:\ceshi\htdocs\thinkphp_3.2.3_core_extend\Public\dokuwiki\inc\template.php 第 301 行.
NOTIC: [2] filemtime(): stat failed for D:\ceshi\htdocs\thinkphp_3.2.3_core_extend\Public\dokuwiki/conf/local.protected.php D:\ceshi\htdocs\thinkphp_3.2.3_core_extend\Public\dokuwiki\inc\cache.php 第 84 行.

